<?xml version="1.0" encoding="UTF-8"?>
<testng-results ignored="0" total="1" passed="1" failed="0" skipped="0">
  <reporter-output>
  </reporter-output>
  <suite started-at="2024-11-16T23:47:02 IST" name="Default suite" finished-at="2024-11-16T23:49:00 IST" duration-ms="117796">
    <groups>
    </groups>
    <test started-at="2024-11-16T23:47:02 IST" name="Default test" finished-at="2024-11-16T23:49:00 IST" duration-ms="117796">
      <class name="test.Logintest">
        <test-method is-config="true" signature="setup()[pri:0, instance:test.Logintest@60bd273d]" started-at="2024-11-16T23:47:02 IST" name="setup" finished-at="2024-11-16T23:47:11 IST" duration-ms="8928" status="PASS">
          <reporter-output>
          </reporter-output>
        </test-method> <!-- setup -->
        <test-method is-config="true" signature="url()[pri:0, instance:test.Logintest@60bd273d]" started-at="2024-11-16T23:47:11 IST" name="url" finished-at="2024-11-16T23:47:24 IST" duration-ms="13319" status="PASS">
          <reporter-output>
          </reporter-output>
        </test-method> <!-- url -->
        <test-method signature="verifylogin()[pri:0, instance:test.Logintest@60bd273d]" started-at="2024-11-16T23:47:24 IST" name="verifylogin" finished-at="2024-11-16T23:49:00 IST" duration-ms="95361" status="PASS">
          <reporter-output>
          </reporter-output>
        </test-method> <!-- verifylogin -->
      </class> <!-- test.Logintest -->
    </test> <!-- Default test -->
  </suite> <!-- Default suite -->
</testng-results>
